[16:37:18.383] Global cache location '/Users/jd.gonzales/Library/Caches/typescript/4.1', safe file path '/users/jd.gonzales/.nvm/versions/node/v15.4.0/lib/node_modules/typescript/lib/typingsafelist.json', types map path /users/jd.gonzales/.nvm/versions/node/v15.4.0/lib/node_modules/typescript/lib/typesmap.json
[16:37:18.385] Processing cache location '/Users/jd.gonzales/Library/Caches/typescript/4.1'
[16:37:18.385] Trying to find '/Users/jd.gonzales/Library/Caches/typescript/4.1/package.json'...
[16:37:18.386] Loaded content of '/Users/jd.gonzales/Library/Caches/typescript/4.1/package.json': {"private":true,"dependencies":{"types-registry":"^0.1.521"},"devDependencies":{"@types/object-assign":"^4.0.30","@types/react":"^17.0.0","@types/react-dom":"^17.0.0","@types/scheduler":"^0.16.1"}}
[16:37:18.386] Loaded content of '/Users/jd.gonzales/Library/Caches/typescript/4.1/package-lock.json'
[16:37:18.395] Adding entry into typings cache: 'object-assign' => '/Users/jd.gonzales/Library/Caches/typescript/4.1/node_modules/@types/object-assign/index.d.ts'
[16:37:18.399] Adding entry into typings cache: 'react' => '/Users/jd.gonzales/Library/Caches/typescript/4.1/node_modules/@types/react/index.d.ts'
[16:37:18.401] Adding entry into typings cache: 'react-dom' => '/Users/jd.gonzales/Library/Caches/typescript/4.1/node_modules/@types/react-dom/index.d.ts'
[16:37:18.403] Adding entry into typings cache: 'scheduler' => '/Users/jd.gonzales/Library/Caches/typescript/4.1/node_modules/@types/scheduler/index.d.ts'
[16:37:18.403] Finished processing cache location '/Users/jd.gonzales/Library/Caches/typescript/4.1'
[16:37:18.403] Process id: 24339
[16:37:18.403] NPM location: /Users/jd.gonzales/.nvm/versions/node/v15.4.0/bin/npm (explicit '--npmLocation' not  provided)
[16:37:18.404] validateDefaultNpmLocation: false
[16:37:18.404] Npm config file: /Users/jd.gonzales/Library/Caches/typescript/4.1/package.json
[16:37:18.404] Updating types-registry npm package...
[16:37:18.404] Exec: /Users/jd.gonzales/.nvm/versions/node/v15.4.0/bin/npm install --ignore-scripts types-registry@latest
[16:37:19.355]     Succeeded. stdout:
    
    up to date, audited 7 packages in 527ms

found 0 vulnerabilities

[16:37:19.356] Updated types-registry npm package
[16:37:19.373] Got install request {"projectName":"/dev/null/inferredProject1*","fileNames":["/Users/jd.gonzales/.nvm/versions/node/v15.4.0/lib/node_modules/typescript/lib/lib.d.ts","/Users/jd.gonzales/.nvm/versions/node/v15.4.0/lib/node_modules/typescript/lib/lib.es5.d.ts","/Users/jd.gonzales/.nvm/versions/node/v15.4.0/lib/node_modules/typescript/lib/lib.dom.d.ts","/Users/jd.gonzales/.nvm/versions/node/v15.4.0/lib/node_modules/typescript/lib/lib.webworker.importscripts.d.ts","/Users/jd.gonzales/.nvm/versions/node/v15.4.0/lib/node_modules/typescript/lib/lib.scripthost.d.ts","/Users/jd.gonzales/code/my-blog-v2/static/index.js"],"compilerOptions":{"target":1,"jsx":1,"allowNonTsExtensions":true,"allowJs":true,"noEmitForJsFiles":true,"maxNodeModuleJsDepth":2},"typeAcquisition":{"enable":true,"include":[],"exclude":[]},"unresolvedImports":[],"projectRootPath":"/Users/jd.gonzales/code/my-blog-v2/static","kind":"discover"}
[16:37:19.388] Loaded safelist from types map file '/users/jd.gonzales/.nvm/versions/node/v15.4.0/lib/node_modules/typescript/lib/typesmap.json'
[16:37:19.388] Explicitly included types: []
[16:37:19.389] Inferred typings from unresolved imports: []
[16:37:19.389] Result: {"cachedTypingPaths":[],"newTypingNames":[],"filesToWatch":["/Users/jd.gonzales/code/my-blog-v2/static/bower_components","/Users/jd.gonzales/code/my-blog-v2/static/node_modules"]}
[16:37:19.389] Finished typings discovery: {"cachedTypingPaths":[],"newTypingNames":[],"filesToWatch":["/Users/jd.gonzales/code/my-blog-v2/static/bower_components","/Users/jd.gonzales/code/my-blog-v2/static/node_modules"]}
[16:37:19.389] DirectoryWatcher:: Added:: WatchInfo: /Users/jd.gonzales/code/my-blog-v2/static/bower_components
[16:37:19.391] DirectoryWatcher:: Added:: WatchInfo: /Users/jd.gonzales/code/my-blog-v2/static/node_modules
[16:37:19.391] Sending response:
    {"projectName":"/dev/null/inferredProject1*","typeAcquisition":{"enable":true,"include":[],"exclude":[]},"compilerOptions":{"target":1,"jsx":1,"allowNonTsExtensions":true,"allowJs":true,"noEmitForJsFiles":true,"maxNodeModuleJsDepth":2},"typings":[],"unresolvedImports":[],"kind":"action::set"}
[16:37:19.391] Response has been sent.
[16:37:19.392] No new typings were requested as a result of typings discovery
