[18:19:29.064] Global cache location '/Users/jd.gonzales/Library/Caches/typescript/4.1', safe file path '/users/jd.gonzales/.nvm/versions/node/v15.4.0/lib/node_modules/typescript/lib/typingsafelist.json', types map path /users/jd.gonzales/.nvm/versions/node/v15.4.0/lib/node_modules/typescript/lib/typesmap.json
[18:19:29.066] Processing cache location '/Users/jd.gonzales/Library/Caches/typescript/4.1'
[18:19:29.066] Trying to find '/Users/jd.gonzales/Library/Caches/typescript/4.1/package.json'...
[18:19:29.067] Loaded content of '/Users/jd.gonzales/Library/Caches/typescript/4.1/package.json': {"private":true,"dependencies":{"types-registry":"^0.1.521"},"devDependencies":{"@types/object-assign":"^4.0.30","@types/react":"^17.0.0","@types/react-dom":"^17.0.0","@types/scheduler":"^0.16.1"}}
[18:19:29.067] Loaded content of '/Users/jd.gonzales/Library/Caches/typescript/4.1/package-lock.json'
[18:19:29.074] Adding entry into typings cache: 'object-assign' => '/Users/jd.gonzales/Library/Caches/typescript/4.1/node_modules/@types/object-assign/index.d.ts'
[18:19:29.078] Adding entry into typings cache: 'react' => '/Users/jd.gonzales/Library/Caches/typescript/4.1/node_modules/@types/react/index.d.ts'
[18:19:29.081] Adding entry into typings cache: 'react-dom' => '/Users/jd.gonzales/Library/Caches/typescript/4.1/node_modules/@types/react-dom/index.d.ts'
[18:19:29.082] Adding entry into typings cache: 'scheduler' => '/Users/jd.gonzales/Library/Caches/typescript/4.1/node_modules/@types/scheduler/index.d.ts'
[18:19:29.083] Finished processing cache location '/Users/jd.gonzales/Library/Caches/typescript/4.1'
[18:19:29.083] Process id: 97366
[18:19:29.083] NPM location: /Users/jd.gonzales/.nvm/versions/node/v15.4.0/bin/npm (explicit '--npmLocation' not  provided)
[18:19:29.083] validateDefaultNpmLocation: false
[18:19:29.083] Npm config file: /Users/jd.gonzales/Library/Caches/typescript/4.1/package.json
[18:19:29.083] Updating types-registry npm package...
[18:19:29.083] Exec: /Users/jd.gonzales/.nvm/versions/node/v15.4.0/bin/npm install --ignore-scripts types-registry@latest
[18:19:29.715]     Succeeded. stdout:
    
    up to date, audited 7 packages in 511ms

found 0 vulnerabilities

[18:19:29.715] Updated types-registry npm package
[18:19:29.732] Got install request {"projectName":"/dev/null/inferredProject1*","fileNames":["/Users/jd.gonzales/.nvm/versions/node/v15.4.0/lib/node_modules/typescript/lib/lib.d.ts","/Users/jd.gonzales/.nvm/versions/node/v15.4.0/lib/node_modules/typescript/lib/lib.es5.d.ts","/Users/jd.gonzales/.nvm/versions/node/v15.4.0/lib/node_modules/typescript/lib/lib.dom.d.ts","/Users/jd.gonzales/.nvm/versions/node/v15.4.0/lib/node_modules/typescript/lib/lib.webworker.importscripts.d.ts","/Users/jd.gonzales/.nvm/versions/node/v15.4.0/lib/node_modules/typescript/lib/lib.scripthost.d.ts","/Users/jd.gonzales/code/my-blog-v2/static/index.js"],"compilerOptions":{"target":1,"jsx":1,"allowNonTsExtensions":true,"allowJs":true,"noEmitForJsFiles":true,"maxNodeModuleJsDepth":2},"typeAcquisition":{"enable":true,"include":[],"exclude":[]},"unresolvedImports":[],"projectRootPath":"/Users/jd.gonzales/code/my-blog-v2/static","kind":"discover"}
[18:19:29.747] Loaded safelist from types map file '/users/jd.gonzales/.nvm/versions/node/v15.4.0/lib/node_modules/typescript/lib/typesmap.json'
[18:19:29.747] Explicitly included types: []
[18:19:29.748] Inferred typings from unresolved imports: []
[18:19:29.748] Result: {"cachedTypingPaths":[],"newTypingNames":[],"filesToWatch":["/Users/jd.gonzales/code/my-blog-v2/static/bower_components","/Users/jd.gonzales/code/my-blog-v2/static/node_modules"]}
[18:19:29.748] Finished typings discovery: {"cachedTypingPaths":[],"newTypingNames":[],"filesToWatch":["/Users/jd.gonzales/code/my-blog-v2/static/bower_components","/Users/jd.gonzales/code/my-blog-v2/static/node_modules"]}
[18:19:29.748] DirectoryWatcher:: Added:: WatchInfo: /Users/jd.gonzales/code/my-blog-v2/static/bower_components
[18:19:29.755] DirectoryWatcher:: Added:: WatchInfo: /Users/jd.gonzales/code/my-blog-v2/static/node_modules
[18:19:29.755] Sending response:
    {"projectName":"/dev/null/inferredProject1*","typeAcquisition":{"enable":true,"include":[],"exclude":[]},"compilerOptions":{"target":1,"jsx":1,"allowNonTsExtensions":true,"allowJs":true,"noEmitForJsFiles":true,"maxNodeModuleJsDepth":2},"typings":[],"unresolvedImports":[],"kind":"action::set"}
[18:19:29.756] Response has been sent.
[18:19:29.756] No new typings were requested as a result of typings discovery
